<?xml version="1.0" encoding="UTF-8"?>
<testng-results ignored="0" total="1" passed="1" failed="0" skipped="0">
  <reporter-output>
  </reporter-output>
  <suite started-at="2025-07-09T18:21:18 IST" name="Default suite" finished-at="2025-07-09T18:21:32 IST" duration-ms="13464">
    <groups>
    </groups>
    <test started-at="2025-07-09T18:21:18 IST" name="Default test" finished-at="2025-07-09T18:21:32 IST" duration-ms="13464">
      <class name="testCases.CabBookingTest">
        <test-method is-config="true" signature="DriverSetup()[pri:0, instance:testCases.CabBookingTest@6a6cb05c]" started-at="2025-07-09T18:21:18 IST" name="DriverSetup" finished-at="2025-07-09T18:21:25 IST" duration-ms="7307" status="PASS">
          <reporter-output>
          </reporter-output>
        </test-method> <!-- DriverSetup -->
        <test-method is-config="true" signature="goToHomePage()[pri:0, instance:testCases.CabBookingTest@6a6cb05c]" started-at="2025-07-09T18:21:25 IST" name="goToHomePage" finished-at="2025-07-09T18:21:28 IST" duration-ms="3007" status="PASS">
          <reporter-output>
          </reporter-output>
        </test-method> <!-- goToHomePage -->
        <test-method signature="demo()[pri:0, instance:testCases.CabBookingTest@6a6cb05c]" started-at="2025-07-09T18:21:28 IST" name="demo" finished-at="2025-07-09T18:21:28 IST" duration-ms="20" status="PASS">
          <reporter-output>
          </reporter-output>
        </test-method> <!-- demo -->
        <test-method is-config="true" signature="tearDown()[pri:0, instance:testCases.CabBookingTest@6a6cb05c]" started-at="2025-07-09T18:21:28 IST" name="tearDown" finished-at="2025-07-09T18:21:32 IST" duration-ms="3070" status="PASS">
          <reporter-output>
          </reporter-output>
        </test-method> <!-- tearDown -->
      </class> <!-- testCases.CabBookingTest -->
    </test> <!-- Default test -->
  </suite> <!-- Default suite -->
</testng-results>
